2022-05-12 13:32:33 INFO  Base_class:30 - The execution of test case GB_01order set is 1.0
  2022-05-12 13:32:33 INFO  Base_class:40 - passed and expected result is Sorry we were unable to complete this step because : and actual result is Sorry we were unable to complete this step because :
  2022-05-12 13:32:39 INFO  Base_class:30 - The execution of test case GB_01order set is 2.0
  2022-05-12 13:32:39 INFO  Base_class:40 - passed and expected result is Sorry we were unable to complete this step because : and actual result is Sorry we were unable to complete this step because :
  2022-05-12 13:32:44 INFO  Base_class:66 - The execution of test case GB_07order set is 1.0
  2022-05-12 13:32:44 INFO  Base_class:81 - failed and expected result is Hi qtpworld2008 and actual result is Hi qtpworld2008 g
  2022-05-12 13:33:21 INFO  Base_class:30 - The execution of test case GB_01order set is 1.0
  2022-05-12 13:33:21 INFO  Base_class:40 - passed and expected result is Sorry we were unable to complete this step because : and actual result is Sorry we were unable to complete this step because :
  2022-05-12 13:33:26 INFO  Base_class:30 - The execution of test case GB_01order set is 2.0
  2022-05-12 13:33:26 INFO  Base_class:40 - passed and expected result is Sorry we were unable to complete this step because : and actual result is Sorry we were unable to complete this step because :
  2022-05-12 13:33:32 INFO  Base_class:66 - The execution of test case GB_07order set is 1.0
  2022-05-12 13:33:32 INFO  Base_class:81 - failed and expected result is Hi qtpworld2008 and actual result is Hi qtpworld2008 g
  2022-05-12 13:40:38 INFO  Base_class:30 - The execution of test case GB_01order set is 1.0
  2022-05-12 13:40:38 INFO  Base_class:40 - passed and expected result is Sorry we were unable to complete this step because : and actual result is Sorry we were unable to complete this step because :
  2022-05-12 13:42:49 INFO  Base_class:30 - The execution of test case GB_01order set is 1.0
  2022-05-12 13:42:49 INFO  Base_class:40 - passed and expected result is Sorry we were unable to complete this step because : and actual result is Sorry we were unable to complete this step because :
  2022-05-12 13:42:54 INFO  Base_class:30 - The execution of test case GB_01order set is 2.0
  2022-05-12 13:42:54 INFO  Base_class:40 - passed and expected result is Sorry we were unable to complete this step because : and actual result is Sorry we were unable to complete this step because :
  2022-05-12 13:42:59 INFO  Base_class:66 - The execution of test case GB_07order set is 1.0
  2022-05-12 13:43:00 INFO  Base_class:81 - failed and expected result is Hi qtpworld2008 and actual result is Hi qtpworld2008 g
  2022-05-12 13:51:57 INFO  Base_class:66 - The execution of test case GB_07order set is 1.0
  2022-05-12 13:51:57 INFO  Base_class:77 - passed and expected result is Hi qtpworld2008 and actual result is Hi qtpworld2008
  2022-05-12 16:09:55 INFO  Base_class:31 - The execution of test case GB_01order set is 1.0
  2022-05-12 16:09:55 INFO  Base_class:47 - failed and expected result is Sorry we were unable to complet and actual result is Sorry we were unable to complete this step because :
  2022-05-12 16:40:43 INFO  Base_class:31 - The execution of test case GB_01order set is 1.0
  2022-05-12 16:40:43 INFO  Base_class:47 - failed and expected result is Sorry we were unable to complet and actual result is Sorry we were unable to complete this step because :
  2022-05-12 17:06:52 INFO  Base_class:31 - The execution of test case GB_01order set is 1.0
  2022-05-12 17:06:52 INFO  Base_class:47 - failed and expected result is Sorry we were unable to complet and actual result is Sorry we were unable to complete this step because :
  2022-05-12 17:26:46 INFO  Base_class:31 - The execution of test case GB_01order set is 1.0
  2022-05-12 17:26:46 INFO  Base_class:47 - failed and expected result is Sorry we were unable to complet and actual result is Sorry we were unable to complete this step because :
  2022-05-12 17:27:35 INFO  Base_class:31 - The execution of test case GB_01order set is 1.0
  2022-05-12 17:27:35 INFO  Base_class:47 - failed and expected result is Sorry we were unable to complet and actual result is Sorry we were unable to complete this step because :
  2022-05-12 17:27:39 INFO  Base_class:31 - The execution of test case GB_01order set is 2.0
  2022-05-12 17:27:39 INFO  Base_class:41 - passed and expected result is Sorry we were unable to complete this step because : and actual result is Sorry we were unable to complete this step because :
  2022-05-12 17:27:43 INFO  Base_class:31 - The execution of test case GB_02order set is 1.0
  2022-05-12 17:27:44 INFO  Base_class:41 - passed and expected result is Sorry we were unable to complete this step because : and actual result is Sorry we were unable to complete this step because :
  2022-05-12 17:27:48 INFO  Base_class:31 - The execution of test case GB_03order set is 1.0
  2022-05-12 17:27:48 INFO  Base_class:41 - passed and expected result is Sorry we were unable to complete this step because : and actual result is Sorry we were unable to complete this step because :
  2022-05-12 17:27:53 INFO  Base_class:31 - The execution of test case GB_04order set is 1.0
  2022-05-12 17:27:53 INFO  Base_class:41 - passed and expected result is Sorry we were unable to complete this step because : and actual result is Sorry we were unable to complete this step because :
  2022-05-12 17:27:57 INFO  Base_class:31 - The execution of test case GB_05order set is 1.0
  2022-05-12 17:27:57 INFO  Base_class:41 - passed and expected result is Sorry we were unable to complete this step because : and actual result is Sorry we were unable to complete this step because :
  2022-05-12 17:28:02 INFO  Base_class:31 - The execution of test case GB_06order set is 1.0
  2022-05-12 17:28:02 INFO  Base_class:41 - passed and expected result is Sorry we were unable to complete this step because : and actual result is Sorry we were unable to complete this step because :
  2022-05-12 17:28:06 INFO  Base_class:69 - The execution of test case GB_07order set is 1.0
  2022-05-12 17:28:06 INFO  Base_class:80 - passed and expected result is Hi qtpworld2008 and actual result is Hi qtpworld2008
  2022-05-12 17:32:45 INFO  Base_class:55 - ************************Start**********************
  2022-05-12 17:32:50 INFO  Base_class:31 - The execution of test case GB_01order set is 1.0
  2022-05-12 17:32:50 INFO  Base_class:47 - failed and expected result is Sorry we were unable to complet and actual result is Sorry we were unable to complete this step because :
  2022-05-12 17:32:55 INFO  Base_class:31 - The execution of test case GB_01order set is 2.0
  2022-05-12 17:32:55 INFO  Base_class:41 - passed and expected result is Sorry we were unable to complete this step because : and actual result is Sorry we were unable to complete this step because :
  2022-05-12 17:33:01 INFO  Base_class:31 - The execution of test case GB_02order set is 1.0
  2022-05-12 17:33:01 INFO  Base_class:41 - passed and expected result is Sorry we were unable to complete this step because : and actual result is Sorry we were unable to complete this step because :
  2022-05-12 17:33:06 INFO  Base_class:31 - The execution of test case GB_03order set is 1.0
  2022-05-12 17:33:06 INFO  Base_class:41 - passed and expected result is Sorry we were unable to complete this step because : and actual result is Sorry we were unable to complete this step because :
  2022-05-12 17:33:11 INFO  Base_class:31 - The execution of test case GB_04order set is 1.0
  2022-05-12 17:33:11 INFO  Base_class:41 - passed and expected result is Sorry we were unable to complete this step because : and actual result is Sorry we were unable to complete this step because :
  2022-05-12 17:33:16 INFO  Base_class:31 - The execution of test case GB_05order set is 1.0
  2022-05-12 17:33:16 INFO  Base_class:41 - passed and expected result is Sorry we were unable to complete this step because : and actual result is Sorry we were unable to complete this step because :
  2022-05-12 17:33:21 INFO  Base_class:31 - The execution of test case GB_06order set is 1.0
  2022-05-12 17:33:21 INFO  Base_class:41 - passed and expected result is Sorry we were unable to complete this step because : and actual result is Sorry we were unable to complete this step because :
  2022-05-12 17:33:26 INFO  Base_class:69 - The execution of test case GB_07order set is 1.0
  2022-05-12 17:33:26 INFO  Base_class:80 - passed and expected result is Hi qtpworld2008 and actual result is Hi qtpworld2008
  2022-05-12 17:33:26 INFO  Base_class:61 - ************************Start**********************
  2022-05-12 17:39:31 INFO  Base_class:57 - ************************Start**********************
  2022-05-12 17:39:37 INFO  Base_class:31 - The execution of test case GB_01order set is 1.0
  2022-05-12 17:39:37 INFO  Base_class:47 - failed and expected result is Sorry we were unable to complet and actual result is Sorry we were unable to complete this step because :
  2022-05-12 17:39:41 INFO  Base_class:31 - The execution of test case GB_01order set is 2.0
  2022-05-12 17:39:42 INFO  Base_class:41 - passed and expected result is Sorry we were unable to complete this step because : and actual result is Sorry we were unable to complete this step because :
  2022-05-12 17:39:46 INFO  Base_class:31 - The execution of test case GB_02order set is 1.0
  2022-05-12 17:39:46 INFO  Base_class:41 - passed and expected result is Sorry we were unable to complete this step because : and actual result is Sorry we were unable to complete this step because :
  2022-05-12 17:39:51 INFO  Base_class:31 - The execution of test case GB_03order set is 1.0
  2022-05-12 17:39:51 INFO  Base_class:41 - passed and expected result is Sorry we were unable to complete this step because : and actual result is Sorry we were unable to complete this step because :
  2022-05-12 17:39:55 INFO  Base_class:31 - The execution of test case GB_04order set is 1.0
  2022-05-12 17:39:55 INFO  Base_class:41 - passed and expected result is Sorry we were unable to complete this step because : and actual result is Sorry we were unable to complete this step because :
  2022-05-12 17:40:00 INFO  Base_class:31 - The execution of test case GB_05order set is 1.0
  2022-05-12 17:40:00 INFO  Base_class:41 - passed and expected result is Sorry we were unable to complete this step because : and actual result is Sorry we were unable to complete this step because :
  2022-05-12 17:40:05 INFO  Base_class:31 - The execution of test case GB_06order set is 1.0
  2022-05-12 17:40:05 INFO  Base_class:41 - passed and expected result is Sorry we were unable to complete this step because : and actual result is Sorry we were unable to complete this step because :
  2022-05-12 17:40:10 INFO  Base_class:69 - The execution of test case GB_07order set is 1.0
  2022-05-12 17:40:10 INFO  Base_class:80 - passed and expected result is Hi qtpworld2008 and actual result is Hi qtpworld2008
  2022-05-12 17:40:11 INFO  Base_class:63 - ************************End**********************
  2022-05-12 18:22:43 INFO  Base_class:57 - ************************Start**********************
  2022-05-12 18:22:48 INFO  Base_class:35 - The execution of test case GB_01order set is 1.0
  2022-05-12 18:22:48 INFO  Base_class:51 - failed and expected result is Sorry we were unable to complet and actual result is Sorry we were unable to complete this step because :
  2022-05-12 18:22:54 INFO  Base_class:35 - The execution of test case GB_01order set is 2.0
  2022-05-12 18:22:54 INFO  Base_class:45 - passed and expected result is Sorry we were unable to complete this step because : and actual result is Sorry we were unable to complete this step because :
  2022-05-12 18:22:58 INFO  Base_class:35 - The execution of test case GB_02order set is 1.0
  2022-05-12 18:22:58 INFO  Base_class:45 - passed and expected result is Sorry we were unable to complete this step because : and actual result is Sorry we were unable to complete this step because :
  2022-05-12 18:23:03 INFO  Base_class:35 - The execution of test case GB_03order set is 1.0
  2022-05-12 18:23:03 INFO  Base_class:45 - passed and expected result is Sorry we were unable to complete this step because : and actual result is Sorry we were unable to complete this step because :
  2022-05-12 18:23:08 INFO  Base_class:35 - The execution of test case GB_04order set is 1.0
  2022-05-12 18:23:08 INFO  Base_class:45 - passed and expected result is Sorry we were unable to complete this step because : and actual result is Sorry we were unable to complete this step because :
  2022-05-12 18:23:13 INFO  Base_class:35 - The execution of test case GB_05order set is 1.0
  2022-05-12 18:23:13 INFO  Base_class:45 - passed and expected result is Sorry we were unable to complete this step because : and actual result is Sorry we were unable to complete this step because :
  2022-05-12 18:23:17 INFO  Base_class:35 - The execution of test case GB_06order set is 1.0
  2022-05-12 18:23:17 INFO  Base_class:45 - passed and expected result is Sorry we were unable to complete this step because : and actual result is Sorry we were unable to complete this step because :
  2022-05-12 18:23:22 INFO  Base_class:77 - The execution of test case GB_07order set is 1.0
  2022-05-12 18:23:22 INFO  Base_class:88 - passed and expected result is Hi qtpworld2008 and actual result is Hi qtpworld2008
  2022-05-12 18:23:22 INFO  Base_class:63 - ************************End**********************
  2022-05-15 15:34:50 INFO  Base_class:57 - ************************Start**********************
  2022-05-15 15:34:57 INFO  Base_class:63 - ************************End**********************
  2022-05-15 15:36:20 INFO  Base_class:57 - ************************Start**********************
  2022-05-15 15:36:24 INFO  Base_class:63 - ************************End**********************
  2022-05-15 15:37:38 INFO  Base_class:59 - ************************Start**********************
  2022-05-15 15:37:44 INFO  Base_class:64 -  passed - Expected result is 491.0Actual result is 491.0
  2022-05-15 15:37:44 INFO  Base_class:65 - ************************End**********************
  2022-05-15 15:37:59 INFO  Base_class:59 - ************************Start**********************
  2022-05-15 15:38:07 INFO  Base_class:35 - The execution of test case GB_01order set is 1.0
  2022-05-15 15:38:07 INFO  Base_class:51 - failed and expected result is Sorry we were unable to complet and actual result is Sorry we were unable to complete this step because :
  2022-05-15 15:38:13 INFO  Base_class:35 - The execution of test case GB_02order set is 1.0
  2022-05-15 15:38:13 INFO  Base_class:45 - passed and expected result is Sorry we were unable to complete this step because : and actual result is Sorry we were unable to complete this step because :
  2022-05-15 15:38:13 INFO  Base_class:65 - ************************End**********************
  2022-05-15 16:02:15 INFO  Base_class:59 - ************************Start**********************
  2022-05-15 16:02:21 INFO  Base_class:64 -  passed - Expected result is 491.0Actual result is 491.0
  2022-05-15 16:02:26 INFO  Base_class:77 - The execution of test case GB_07order set is 1.0
  2022-05-15 16:02:26 INFO  Base_class:88 - passed and expected result is Hi qtpworld2008 and actual result is Hi qtpworld2008
  2022-05-15 16:02:27 INFO  Base_class:65 - ************************End**********************
  2022-05-15 16:05:08 INFO  Base_class:59 - ************************Start**********************
  2022-05-15 16:05:13 INFO  Base_class:61 - The execution of test case GB_11order set is 1.0
  2022-05-15 16:05:13 INFO  Base_class:69 -  passed - Expected result is 491.0Actual result is 491.0
  2022-05-15 16:05:20 INFO  Base_class:77 - The execution of test case GB_07order set is 1.0
  2022-05-15 16:05:20 INFO  Base_class:88 - passed and expected result is Hi qtpworld2008 and actual result is Hi qtpworld2008
  2022-05-15 16:05:20 INFO  Base_class:65 - ************************End**********************
  2022-05-15 16:06:28 INFO  Base_class:59 - ************************Start**********************
  2022-05-15 16:06:32 INFO  Base_class:61 - The execution of test case GB_09order set is 1.0
  2022-05-15 16:06:41 INFO  Base_class:61 - The execution of test case GB_10order set is 1.0
  2022-05-15 16:06:42 INFO  Base_class:69 -  passed - Expected result is 54.0Actual result is 54.0
  2022-05-15 16:06:44 INFO  Base_class:61 - The execution of test case GB_11order set is 1.0
  2022-05-15 16:06:45 INFO  Base_class:69 -  passed - Expected result is 491.0Actual result is 491.0
  2022-05-15 16:06:51 INFO  Base_class:77 - The execution of test case GB_07order set is 1.0
  2022-05-15 16:06:51 INFO  Base_class:88 - passed and expected result is Hi qtpworld2008 and actual result is Hi qtpworld2008
  2022-05-15 16:06:51 INFO  Base_class:65 - ************************End**********************
  2022-05-15 16:21:20 INFO  Base_class:59 - ************************Start**********************
  2022-05-15 16:21:29 INFO  Base_class:35 - The execution of test case GB_01order set is 1.0
  2022-05-15 16:21:29 INFO  Base_class:51 - failed and expected result is  and actual result is Sorry we were unable to complete this step because :
  2022-05-15 16:21:35 INFO  Base_class:35 - The execution of test case GB_01order set is 2.0
  2022-05-15 16:21:35 INFO  Base_class:45 - passed and expected result is Sorry we were unable to complete this step because : and actual result is Sorry we were unable to complete this step because :
  2022-05-15 16:21:41 INFO  Base_class:35 - The execution of test case GB_02order set is 1.0
  2022-05-15 16:21:41 INFO  Base_class:45 - passed and expected result is Sorry we were unable to complete this step because : and actual result is Sorry we were unable to complete this step because :
  2022-05-15 16:21:47 INFO  Base_class:35 - The execution of test case GB_03order set is 1.0
  2022-05-15 16:21:47 INFO  Base_class:45 - passed and expected result is Sorry we were unable to complete this step because : and actual result is Sorry we were unable to complete this step because :
  2022-05-15 16:21:53 INFO  Base_class:35 - The execution of test case GB_04order set is 1.0
  2022-05-15 16:21:53 INFO  Base_class:45 - passed and expected result is Sorry we were unable to complete this step because : and actual result is Sorry we were unable to complete this step because :
  2022-05-15 16:21:59 INFO  Base_class:35 - The execution of test case GB_05order set is 1.0
  2022-05-15 16:21:59 INFO  Base_class:45 - passed and expected result is Sorry we were unable to complete this step because : and actual result is Sorry we were unable to complete this step because :
  2022-05-15 16:22:04 INFO  Base_class:35 - The execution of test case GB_06order set is 1.0
  2022-05-15 16:22:05 INFO  Base_class:45 - passed and expected result is Sorry we were unable to complete this step because : and actual result is Sorry we were unable to complete this step because :
  2022-05-15 16:22:10 INFO  Base_class:77 - The execution of test case GB_07order set is 1.0
  2022-05-15 16:22:10 INFO  Base_class:88 - passed and expected result is Hi qtpworld2008 and actual result is Hi qtpworld2008
  2022-05-15 16:22:11 INFO  Base_class:65 - ************************End**********************
  2022-05-15 16:24:50 INFO  Base_class:59 - ************************Start**********************
  2022-05-15 16:24:55 INFO  Base_class:61 - The execution of test case GB_09order set is 1.0
  2022-05-15 16:24:58 INFO  Base_class:69 -  passed - Expected result is 498.0Actual result is 498.0
  2022-05-15 16:25:01 INFO  Base_class:61 - The execution of test case GB_10order set is 1.0
  2022-05-15 16:25:02 INFO  Base_class:69 -  passed - Expected result is 54.0Actual result is 54.0
  2022-05-15 16:25:05 INFO  Base_class:61 - The execution of test case GB_11order set is 1.0
  2022-05-15 16:25:06 INFO  Base_class:69 -  passed - Expected result is 491.0Actual result is 491.0
  2022-05-15 16:25:12 INFO  Base_class:77 - The execution of test case GB_07order set is 1.0
  2022-05-15 16:25:12 INFO  Base_class:88 - passed and expected result is Hi qtpworld2008 and actual result is Hi qtpworld2008
  2022-05-15 16:25:13 INFO  Base_class:65 - ************************End**********************
  2022-05-15 16:27:23 INFO  Base_class:59 - ************************Start**********************
  2022-05-15 16:27:31 INFO  Base_class:77 - The execution of test case GB_07order set is 1.0
  2022-05-15 16:27:31 INFO  Base_class:88 - passed and expected result is Hi qtpworld2008 and actual result is Hi qtpworld2008
  2022-05-15 16:27:31 INFO  Base_class:65 - ************************End**********************
  2022-05-15 16:30:27 INFO  Base_class:59 - ************************Start**********************
  2022-05-15 16:30:45 INFO  Base_class:77 - The execution of test case GB_07order set is 1.0
  2022-05-15 16:30:46 INFO  Base_class:88 - passed and expected result is Hi qtpworld2008 and actual result is Hi qtpworld2008
  2022-05-15 16:30:46 INFO  Base_class:65 - ************************End**********************
  2022-05-15 16:33:58 INFO  Base_class:59 - ************************Start**********************
  2022-05-15 16:34:06 INFO  Base_class:35 - The execution of test case GB_01order set is 1.0
  2022-05-15 16:34:06 INFO  Base_class:51 - failed and expected result is  and actual result is Sorry we were unable to complete this step because :
  2022-05-15 16:34:12 INFO  Base_class:35 - The execution of test case GB_01order set is 2.0
  2022-05-15 16:34:12 INFO  Base_class:45 - passed and expected result is Sorry we were unable to complete this step because : and actual result is Sorry we were unable to complete this step because :
  2022-05-15 16:34:18 INFO  Base_class:35 - The execution of test case GB_02order set is 1.0
  2022-05-15 16:34:18 INFO  Base_class:45 - passed and expected result is Sorry we were unable to complete this step because : and actual result is Sorry we were unable to complete this step because :
  2022-05-15 16:34:24 INFO  Base_class:35 - The execution of test case GB_03order set is 1.0
  2022-05-15 16:34:24 INFO  Base_class:45 - passed and expected result is Sorry we were unable to complete this step because : and actual result is Sorry we were unable to complete this step because :
  2022-05-15 16:34:30 INFO  Base_class:35 - The execution of test case GB_04order set is 1.0
  2022-05-15 16:34:30 INFO  Base_class:45 - passed and expected result is Sorry we were unable to complete this step because : and actual result is Sorry we were unable to complete this step because :
  2022-05-15 16:34:37 INFO  Base_class:35 - The execution of test case GB_05order set is 1.0
  2022-05-15 16:34:37 INFO  Base_class:45 - passed and expected result is Sorry we were unable to complete this step because : and actual result is Sorry we were unable to complete this step because :
  2022-05-15 16:34:42 INFO  Base_class:35 - The execution of test case GB_06order set is 1.0
  2022-05-15 16:34:43 INFO  Base_class:45 - passed and expected result is Sorry we were unable to complete this step because : and actual result is Sorry we were unable to complete this step because :
  2022-05-15 16:34:43 INFO  Base_class:65 - ************************End**********************
  2022-05-15 16:49:47 INFO  Base_class:59 - ************************Start**********************
  2022-05-15 16:49:52 INFO  Base_class:61 - The execution of test case GB_09order set is 1.0
  2022-05-15 16:49:53 INFO  Base_class:69 -  passed - Expected result is 498.0Actual result is 498.0
  2022-05-15 16:49:56 INFO  Base_class:61 - The execution of test case GB_10order set is 1.0
  2022-05-15 16:49:57 INFO  Base_class:69 -  passed - Expected result is 54.0Actual result is 54.0
  2022-05-15 16:50:00 INFO  Base_class:61 - The execution of test case GB_11order set is 1.0
  2022-05-15 16:50:01 INFO  Base_class:69 -  passed - Expected result is 491.0Actual result is 491.0
  2022-05-15 16:50:07 INFO  Base_class:35 - The execution of test case GB_01order set is 1.0
  2022-05-15 16:50:07 INFO  Base_class:51 - failed and expected result is  and actual result is Sorry we were unable to complete this step because :
  2022-05-15 16:50:13 INFO  Base_class:35 - The execution of test case GB_01order set is 2.0
  2022-05-15 16:50:13 INFO  Base_class:45 - passed and expected result is Sorry we were unable to complete this step because : and actual result is Sorry we were unable to complete this step because :
  2022-05-15 16:50:19 INFO  Base_class:35 - The execution of test case GB_02order set is 1.0
  2022-05-15 16:50:19 INFO  Base_class:45 - passed and expected result is Sorry we were unable to complete this step because : and actual result is Sorry we were unable to complete this step because :
  2022-05-15 16:50:25 INFO  Base_class:35 - The execution of test case GB_03order set is 1.0
  2022-05-15 16:50:25 INFO  Base_class:45 - passed and expected result is Sorry we were unable to complete this step because : and actual result is Sorry we were unable to complete this step because :
  2022-05-15 16:50:31 INFO  Base_class:35 - The execution of test case GB_04order set is 1.0
  2022-05-15 16:50:31 INFO  Base_class:45 - passed and expected result is Sorry we were unable to complete this step because : and actual result is Sorry we were unable to complete this step because :
  2022-05-15 16:50:37 INFO  Base_class:35 - The execution of test case GB_05order set is 1.0
  2022-05-15 16:50:37 INFO  Base_class:45 - passed and expected result is Sorry we were unable to complete this step because : and actual result is Sorry we were unable to complete this step because :
  2022-05-15 16:50:43 INFO  Base_class:35 - The execution of test case GB_06order set is 1.0
  2022-05-15 16:50:43 INFO  Base_class:45 - passed and expected result is Sorry we were unable to complete this step because : and actual result is Sorry we were unable to complete this step because :
  2022-05-15 16:50:49 INFO  Base_class:77 - The execution of test case GB_07order set is 1.0
  2022-05-15 16:50:49 INFO  Base_class:88 - passed and expected result is Hi qtpworld2008 and actual result is Hi qtpworld2008
  2022-05-15 16:50:49 INFO  Base_class:65 - ************************End**********************
  2022-05-15 18:05:24 INFO  Base_class:78 - ************************Start**********************
  2022-05-15 18:05:28 INFO  Base_class:61 - The execution of test case GB_11order set is 1.0
  2022-05-15 18:05:29 INFO  Base_class:69 -  passed - Expected result is 491.0Actual result is 491.0
  2022-05-15 18:05:34 INFO  Base_class:84 - ************************End**********************
  2022-05-15 18:08:09 INFO  Base_class:78 - ************************Start**********************
  2022-05-15 18:09:16 INFO  Base_class:78 - ************************Start**********************
  2022-05-15 18:09:22 INFO  Base_class:84 - ************************End**********************
  2022-05-15 18:10:44 INFO  Base_class:78 - ************************Start**********************
  2022-05-15 18:10:50 INFO  Base_class:84 - ************************End**********************
  2022-05-15 18:11:27 INFO  Base_class:78 - ************************Start**********************
  2022-05-15 18:11:34 INFO  Base_class:84 - ************************End**********************
  2022-05-15 18:16:42 INFO  Base_class:78 - ************************Start**********************
  2022-05-15 18:16:49 INFO  Base_class:84 - ************************End**********************
  2022-05-15 18:19:05 INFO  Base_class:78 - ************************Start**********************
  2022-05-15 18:19:11 INFO  Base_class:84 - ************************End**********************
  2022-05-15 18:24:08 INFO  Base_class:80 - ************************Start**********************
  2022-05-15 18:24:18 INFO  Base_class:86 - ************************End**********************
  2022-05-16 09:09:30 INFO  Base_class:78 - ************************Start**********************
  2022-05-16 09:09:38 INFO  Base_class:43 - The execution of test case GB_02order set is 1.0
  2022-05-16 09:09:38 INFO  Base_class:53 - passed and expected result is Sorry we were unable to complete this step because : and actual result is Sorry we were unable to complete this step because :
  2022-05-16 09:09:39 INFO  Base_class:84 - ************************End**********************
  2022-05-16 09:14:49 INFO  Base_class:74 - ************************Start**********************
  2022-05-16 09:14:55 INFO  Base_class:43 - The execution of test case GB_02order set is 1.0
  2022-05-16 09:14:55 INFO  Base_class:53 - passed and expected result is Sorry we were unable to complete this step because : and actual result is Sorry we were unable to complete this step because :
  2022-05-16 09:14:55 INFO  Base_class:80 - ************************End**********************
  2022-05-16 09:23:38 INFO  Base_class:81 - ************************Start**********************
  2022-05-16 09:23:45 INFO  Base_class:45 - The execution of test case GB_01order set is 1.0
  2022-05-16 09:23:45 INFO  Base_class:62 - failed and expected result is  and actual result is Sorry we were unable to complete this step because :
  2022-05-16 09:23:50 INFO  Base_class:45 - The execution of test case GB_01order set is 2.0
  2022-05-16 09:23:51 INFO  Base_class:55 - passed and expected result is Sorry we were unable to complete this step because : and actual result is Sorry we were unable to complete this step because :
  2022-05-16 09:23:56 INFO  Base_class:45 - The execution of test case GB_02order set is 1.0
  2022-05-16 09:23:56 INFO  Base_class:55 - passed and expected result is Sorry we were unable to complete this step because : and actual result is Sorry we were unable to complete this step because :
  2022-05-16 09:24:01 INFO  Base_class:45 - The execution of test case GB_03order set is 1.0
  2022-05-16 09:24:01 INFO  Base_class:55 - passed and expected result is Sorry we were unable to complete this step because : and actual result is Sorry we were unable to complete this step because :
  2022-05-16 09:24:06 INFO  Base_class:45 - The execution of test case GB_04order set is 1.0
  2022-05-16 09:24:06 INFO  Base_class:55 - passed and expected result is Sorry we were unable to complete this step because : and actual result is Sorry we were unable to complete this step because :
  2022-05-16 09:24:11 INFO  Base_class:45 - The execution of test case GB_05order set is 1.0
  2022-05-16 09:24:11 INFO  Base_class:55 - passed and expected result is Sorry we were unable to complete this step because : and actual result is Sorry we were unable to complete this step because :
  2022-05-16 09:24:15 INFO  Base_class:45 - The execution of test case GB_06order set is 1.0
  2022-05-16 09:24:15 INFO  Base_class:55 - passed and expected result is Sorry we were unable to complete this step because : and actual result is Sorry we were unable to complete this step because :
  2022-05-16 09:24:16 INFO  Base_class:87 - ************************End**********************
  2022-05-16 09:25:34 INFO  Base_class:81 - ************************Start**********************
  2022-05-16 09:25:40 INFO  Base_class:45 - The execution of test case GB_01order set is 1.0
  2022-05-16 09:25:40 INFO  Base_class:62 - failed and expected result is  and actual result is Sorry we were unable to complete this step because :
  2022-05-16 09:25:45 INFO  Base_class:45 - The execution of test case GB_01order set is 2.0
  2022-05-16 09:25:45 INFO  Base_class:55 - passed and expected result is Sorry we were unable to complete this step because : and actual result is Sorry we were unable to complete this step because :
  2022-05-16 09:25:50 INFO  Base_class:45 - The execution of test case GB_02order set is 1.0
  2022-05-16 09:25:51 INFO  Base_class:55 - passed and expected result is Sorry we were unable to complete this step because : and actual result is Sorry we were unable to complete this step because :
  2022-05-16 09:25:56 INFO  Base_class:45 - The execution of test case GB_03order set is 1.0
  2022-05-16 09:25:56 INFO  Base_class:55 - passed and expected result is Sorry we were unable to complete this step because : and actual result is Sorry we were unable to complete this step because :
  2022-05-16 09:26:01 INFO  Base_class:45 - The execution of test case GB_04order set is 1.0
  2022-05-16 09:26:01 INFO  Base_class:55 - passed and expected result is Sorry we were unable to complete this step because : and actual result is Sorry we were unable to complete this step because :
  2022-05-16 09:26:06 INFO  Base_class:45 - The execution of test case GB_05order set is 1.0
  2022-05-16 09:26:06 INFO  Base_class:55 - passed and expected result is Sorry we were unable to complete this step because : and actual result is Sorry we were unable to complete this step because :
  2022-05-16 09:26:12 INFO  Base_class:45 - The execution of test case GB_06order set is 1.0
  2022-05-16 09:26:12 INFO  Base_class:55 - passed and expected result is Sorry we were unable to complete this step because : and actual result is Sorry we were unable to complete this step because :
  2022-05-16 09:26:12 INFO  Base_class:87 - ************************End**********************
  2022-05-16 18:31:24 INFO  Base_class:81 - ************************Start**********************
  2022-05-16 18:31:42 INFO  Base_class:87 - ************************End**********************
  2022-05-16 18:34:03 INFO  Base_class:81 - ************************Start**********************
  2022-05-16 18:34:15 INFO  Base_class:40 - passed - EXP_RESULT - You are in:Actual_resultYou are in:
  2022-05-16 18:34:16 INFO  Base_class:87 - ************************End**********************
  2022-05-16 18:41:02 INFO  Base_class:81 - ************************Start**********************
  2022-05-16 18:41:15 INFO  Base_class:42 - passed - EXP_RESULT - You are in:Actual_resultYou are in:
  2022-05-16 18:41:15 INFO  Base_class:87 - ************************End**********************
  2022-05-16 19:00:36 INFO  Base_class:83 - ************************Start**********************
  2022-05-16 19:00:55 INFO  Base_class:89 - ************************End**********************
  2022-05-20 15:39:03 INFO  Base_class:98 - ************************Start**********************
  2022-05-20 15:39:22 INFO  Base_class:61 - The execution of test case GB_11order set is 1.0
  2022-05-20 15:39:23 INFO  Base_class:69 -  passed - Expected result is 491.0Actual result is 491.0
  2022-05-20 15:39:25 INFO  Base_class:104 - ************************End**********************
  2022-05-20 15:40:25 INFO  Base_class:98 - ************************Start**********************
  2022-05-20 15:40:25 INFO  Base_class:104 - ************************End**********************
  2022-05-20 15:56:06 INFO  Base_class:99 - ************************Start**********************
  2022-05-20 15:56:08 INFO  Base_class:105 - ************************End**********************
  2022-05-20 16:18:29 INFO  Base_class:103 - ************************Start**********************
  2022-05-20 16:18:30 INFO  Base_class:109 - ************************End**********************
  2022-05-20 16:21:00 INFO  Base_class:85 - ************************Start**********************
  2022-05-20 16:21:05 INFO  Base_class:61 - The execution of test case GB_11order set is 1.0
  2022-05-20 16:21:06 INFO  Base_class:69 -  passed - Expected result is 491.0Actual result is 491.0
  2022-05-20 16:21:06 INFO  Base_class:91 - ************************End**********************
  2022-07-08 22:19:31 INFO  Base_class:91 - ************************Start**********************
  2022-07-08 22:19:35 INFO  Base_class:97 - ************************End**********************
  2022-07-08 22:20:50 INFO  Base_class:91 - ************************Start**********************
  2022-07-08 22:20:52 INFO  Base_class:97 - ************************End**********************
  2022-07-08 22:22:00 INFO  Base_class:91 - ************************Start**********************
  2022-07-08 22:22:03 INFO  Base_class:97 - ************************End**********************
  2022-07-08 22:23:11 INFO  Base_class:91 - ************************Start**********************
  2022-07-08 22:23:13 INFO  Base_class:97 - ************************End**********************
  2022-07-08 22:24:31 INFO  Base_class:91 - ************************Start**********************
  2022-07-08 22:24:34 INFO  Base_class:97 - ************************End**********************
  2022-07-08 22:27:39 INFO  Base_class:92 - ************************Start**********************
  2022-07-08 22:27:42 INFO  Base_class:98 - ************************End**********************
  2022-07-08 22:29:04 INFO  Base_class:92 - ************************Start**********************
  2022-07-08 22:29:06 INFO  Base_class:98 - ************************End**********************
  2022-07-08 22:33:26 INFO  Base_class:92 - ************************Start**********************
  2022-07-08 22:33:28 INFO  Base_class:98 - ************************End**********************
  2022-07-08 22:36:31 INFO  Base_class:93 - ************************Start**********************
  2022-07-08 22:36:33 INFO  Base_class:99 - ************************End**********************
  2022-07-08 23:02:48 INFO  Base_class:97 - ************************Start**********************
  2022-07-08 23:02:50 INFO  Base_class:103 - ************************End**********************
  2022-07-08 23:03:47 INFO  Base_class:98 - ************************Start**********************
  2022-07-08 23:03:49 INFO  Base_class:104 - ************************End**********************
  2022-07-08 23:06:08 INFO  Base_class:98 - ************************Start**********************
  2022-07-08 23:06:10 INFO  Base_class:104 - ************************End**********************
  2022-07-08 23:07:13 INFO  Base_class:99 - ************************Start**********************
  2022-07-08 23:07:15 INFO  Base_class:105 - ************************End**********************
  2022-07-08 23:09:47 INFO  Base_class:99 - ************************Start**********************
  2022-07-08 23:09:49 INFO  Base_class:105 - ************************End**********************
  2022-07-08 23:50:37 INFO  Base_class:99 - ************************Start**********************
  2022-07-08 23:50:53 INFO  Base_class:105 - ************************End**********************
  2022-07-08 23:51:18 INFO  Base_class:99 - ************************Start**********************
  2022-07-08 23:51:26 INFO  Base_class:105 - ************************End**********************
  2022-07-08 23:53:45 INFO  Base_class:99 - ************************Start**********************
  2022-07-08 23:53:56 INFO  Base_class:105 - ************************End**********************
  2022-07-09 00:01:03 INFO  Base_class:99 - ************************Start**********************
  2022-07-09 00:01:07 INFO  Base_class:105 - ************************End**********************
  2022-07-09 00:06:37 INFO  Base_class:99 - ************************Start**********************
  2022-07-09 00:06:41 INFO  Base_class:105 - ************************End**********************
  2022-07-09 00:09:24 INFO  Base_class:99 - ************************Start**********************
  2022-07-09 00:09:29 INFO  Base_class:105 - ************************End**********************
  2022-07-09 00:57:31 INFO  Base_class:99 - ************************Start**********************
  2022-07-09 00:57:34 INFO  Base_class:61 - The execution of test case GB_11order set is 1.0
  2022-07-09 00:57:36 INFO  Base_class:69 -  passed - Expected result is 491.0Actual result is 491.0
  2022-07-09 00:57:36 INFO  Base_class:105 - ************************End**********************
  2022-07-09 01:25:07 INFO  Base_class:99 - ************************Start**********************
  2022-07-09 01:25:12 INFO  Base_class:105 - ************************End**********************
  2022-07-09 01:27:06 INFO  Base_class:99 - ************************Start**********************
  2022-07-09 01:27:12 INFO  Base_class:105 - ************************End**********************
  2022-07-09 01:37:18 INFO  Base_class:99 - ************************Start**********************
  2022-07-09 01:37:23 INFO  Base_class:44 - The execution of test case GB_01order set is 1.0
  2022-07-09 01:37:23 INFO  Base_class:54 - passed and expected result is Sorry we were unable to complete this step because : and actual result is Sorry we were unable to complete this step because :
  2022-07-09 01:37:23 INFO  Base_class:105 - ************************End**********************
  2022-07-09 02:03:24 INFO  Base_class:101 - ************************Start**********************
  2022-07-09 02:03:29 INFO  Base_class:44 - The execution of test case GB_01order set is 1.0
  2022-07-09 02:03:29 INFO  Base_class:54 - passed and expected result is Sorry we were unable to complete this step because : and actual result is Sorry we were unable to complete this step because :
  2022-07-09 02:03:33 INFO  Base_class:88 - The execution of test case GB_07order set is 1.0
  2022-07-09 02:03:33 INFO  Base_class:99 - passed and expected result is Hi qtpworld2008 and actual result is Hi qtpworld2008
  2022-07-09 02:03:33 INFO  Base_class:107 - ************************End**********************
  2022-07-09 02:05:15 INFO  Base_class:101 - ************************Start**********************
  2022-07-09 02:05:20 INFO  Base_class:45 - The execution of test case GB_01order set is 1.0
  2022-07-09 02:05:20 INFO  Base_class:55 - passed and expected result is Sorry we were unable to complete this step because : and actual result is Sorry we were unable to complete this step because :
  2022-07-09 02:05:24 INFO  Base_class:89 - The execution of test case GB_07order set is 1.0
  2022-07-09 02:05:24 INFO  Base_class:100 - passed and expected result is Hi qtpworld2008 and actual result is Hi qtpworld2008
  2022-07-09 02:05:24 INFO  Base_class:107 - ************************End**********************
  2022-07-09 02:15:54 INFO  Base_class:101 - ************************Start**********************
  2022-07-09 02:15:54 INFO  Base_class:107 - ************************End**********************
  2022-07-09 02:16:26 INFO  Base_class:101 - ************************Start**********************
  2022-07-09 02:16:40 INFO  Base_class:42 - passed - EXP_RESULT - You are in:Actual_resultYou are in:
  2022-07-09 02:16:41 INFO  Base_class:107 - ************************End**********************
  2022-07-09 02:18:07 INFO  Base_class:101 - ************************Start**********************
  2022-07-09 02:18:18 INFO  Base_class:42 - passed - EXP_RESULT - You are in:Actual_resultYou are in:
  2022-07-09 02:18:19 INFO  Base_class:107 - ************************End**********************
  2022-07-09 02:18:52 INFO  Base_class:101 - ************************Start**********************
  2022-07-09 02:18:57 INFO  Base_class:45 - The execution of test case GB_01order set is 1.0
  2022-07-09 02:18:57 INFO  Base_class:55 - passed and expected result is Sorry we were unable to complete this step because : and actual result is Sorry we were unable to complete this step because :
  2022-07-09 02:18:57 INFO  Base_class:107 - ************************End**********************
  